Started phase 0, duration: 1s @ 00:46:42(-0300) 2021-09-08
Report @ 00:46:45(-0300) 2021-09-08
Elapsed time: 2 seconds
  Scenarios launched:  20
  Scenarios completed: 20
  Requests completed:  1000
  Mean response/sec: 393.7
  Response time (msec):
    min: 2
    max: 131
    median: 16
    p95: 50.5
    p99: 74.5
  Codes:
    200: 1000

All virtual users finished
Summary report @ 00:46:45(-0300) 2021-09-08
  Scenarios launched:  20
  Scenarios completed: 20
  Requests completed:  1000
  Mean response/sec: 387.6
  Response time (msec):
    min: 2
    max: 131
    median: 16
    p95: 50.5
    p99: 74.5
  Scenario counts:
    0: 20 (100%)
  Codes:
    200: 1000

